<testsuite errors="0" timestamp="2023-11-10T19:14:51.915584" host="localhost" tests="111" skipped="0" failures="0" time="1.023129"><testcase classname="tests.app_spec" name="App __init__ it shoud get an instance" file="tests/app_spec.py" time="0.001210" /><testcase classname="tests.app_spec" name="App get it shoud get" file="tests/app_spec.py" time="0.006770" /><testcase classname="tests.app_spec" name="App create it shoud create" file="tests/app_spec.py" time="0.003791" /><testcase classname="tests.app_spec" name="App patch it shoud update" file="tests/app_spec.py" time="0.003675" /><testcase classname="tests.app_spec" name="App delete it shoud delete" file="tests/app_spec.py" time="0.003023" /><testcase classname="tests.base_spec" name="App __init__ it shoud get an instance" file="tests/base_spec.py" time="0.000631" /><testcase classname="tests.base_spec" name="App get it shoud get" file="tests/base_spec.py" time="0.004512" /><testcase classname="tests.base_spec" name="App create it shoud create" file="tests/base_spec.py" time="0.003649" /><testcase classname="tests.base_spec" name="App patch it shoud update" file="tests/base_spec.py" time="0.003429" /><testcase classname="tests.base_spec" name="App delete it shoud delete" file="tests/base_spec.py" time="0.003059" /><testcase classname="tests.cloud_account_spec" name="CloudAccount __init__ it shoud get an instance" file="tests/cloud_account_spec.py" time="0.000648" /><testcase classname="tests.cloud_account_spec" name="CloudAccount get it shoud get" file="tests/cloud_account_spec.py" time="0.005053" /><testcase classname="tests.cloud_account_spec" name="CloudAccount create it shoud create" file="tests/cloud_account_spec.py" time="0.003796" /><testcase classname="tests.cloud_account_spec" name="CloudAccount patch it shoud update" file="tests/cloud_account_spec.py" time="0.003570" /><testcase classname="tests.cloud_account_spec" name="CloudAccount delete it shoud delete" file="tests/cloud_account_spec.py" time="0.003076" /><testcase classname="tests.customer_spec" name="Customer __init__ it shoud get an instance" file="tests/customer_spec.py" time="0.000648" /><testcase classname="tests.customer_spec" name="Customer get it shoud get" file="tests/customer_spec.py" time="0.004764" /><testcase classname="tests.customer_spec" name="Customer create it shoud create" file="tests/customer_spec.py" time="0.003648" /><testcase classname="tests.customer_spec" name="Customer patch it shoud update" file="tests/customer_spec.py" time="0.003779" /><testcase classname="tests.customer_spec" name="Customer delete it shoud delete" file="tests/customer_spec.py" time="0.003123" /><testcase classname="tests.datacenter_spec" name="Datacenter __init__ it shoud get an instance" file="tests/datacenter_spec.py" time="0.000696" /><testcase classname="tests.datacenter_spec" name="Datacenter get it shoud get" file="tests/datacenter_spec.py" time="0.004579" /><testcase classname="tests.datacenter_spec" name="Datacenter create it shoud create" file="tests/datacenter_spec.py" time="0.003775" /><testcase classname="tests.datacenter_spec" name="Datacenter patch it shoud update" file="tests/datacenter_spec.py" time="0.003389" /><testcase classname="tests.datacenter_spec" name="Datacenter delete it shoud delete" file="tests/datacenter_spec.py" time="0.002939" /><testcase classname="tests.deployment_spec" name="Deployment __init__ it shoud get an instance" file="tests/deployment_spec.py" time="0.000577" /><testcase classname="tests.deployment_spec" name="Deployment get it shoud get" file="tests/deployment_spec.py" time="0.006973" /><testcase classname="tests.deployment_spec" name="Deployment create it shoud create" file="tests/deployment_spec.py" time="0.003643" /><testcase classname="tests.deployment_spec" name="Deployment patch it shoud update" file="tests/deployment_spec.py" time="0.003438" /><testcase classname="tests.deployment_spec" name="Deployment delete it shoud delete" file="tests/deployment_spec.py" time="0.003028" /><testcase classname="tests.domain_spec" name="Domain __init__ it shoud get an instance" file="tests/domain_spec.py" time="0.000592" /><testcase classname="tests.domain_spec" name="Domain get it shoud get" file="tests/domain_spec.py" time="0.004442" /><testcase classname="tests.domain_spec" name="Domain create it shoud create" file="tests/domain_spec.py" time="0.003596" /><testcase classname="tests.domain_spec" name="Domain patch it shoud update" file="tests/domain_spec.py" time="0.003498" /><testcase classname="tests.domain_spec" name="Domain delete it shoud delete" file="tests/domain_spec.py" time="0.003026" /><testcase classname="tests.environment_app_spec" name="EnvironmentApp __init__ it shoud get an instance" file="tests/environment_app_spec.py" time="0.000598" /><testcase classname="tests.environment_app_spec" name="EnvironmentApp get it shoud get" file="tests/environment_app_spec.py" time="0.004567" /><testcase classname="tests.environment_app_spec" name="EnvironmentApp create it shoud create" file="tests/environment_app_spec.py" time="0.003904" /><testcase classname="tests.environment_app_spec" name="EnvironmentApp patch it shoud update" file="tests/environment_app_spec.py" time="0.003457" /><testcase classname="tests.environment_app_spec" name="EnvironmentApp delete it shoud delete" file="tests/environment_app_spec.py" time="0.002974" /><testcase classname="tests.environment_infra_spec" name="EnvironmentInfra __init__ it shoud get an instance" file="tests/environment_infra_spec.py" time="0.000620" /><testcase classname="tests.environment_infra_spec" name="EnvironmentInfra get it shoud get" file="tests/environment_infra_spec.py" time="0.004839" /><testcase classname="tests.environment_infra_spec" name="EnvironmentInfra create it shoud create" file="tests/environment_infra_spec.py" time="0.003673" /><testcase classname="tests.environment_infra_spec" name="EnvironmentInfra patch it shoud update" file="tests/environment_infra_spec.py" time="0.003532" /><testcase classname="tests.environment_infra_spec" name="EnvironmentInfra delete it shoud delete" file="tests/environment_infra_spec.py" time="0.003041" /><testcase classname="tests.environment_spec" name="Environment __init__ it shoud get an instance" file="tests/environment_spec.py" time="0.000680" /><testcase classname="tests.environment_spec" name="Environment get it shoud get" file="tests/environment_spec.py" time="0.005387" /><testcase classname="tests.environment_spec" name="Environment create it shoud create" file="tests/environment_spec.py" time="0.003595" /><testcase classname="tests.environment_spec" name="Environment patch it shoud update" file="tests/environment_spec.py" time="0.003557" /><testcase classname="tests.environment_spec" name="Environment delete it shoud delete" file="tests/environment_spec.py" time="0.002886" /><testcase classname="tests.eyes_injector_spec" name="EyesInjector __init__ it shoud get an instance" file="tests/eyes_injector_spec.py" time="0.000603" /><testcase classname="tests.flavor_spec" name="Flavor __init__ it shoud get an instance" file="tests/flavor_spec.py" time="0.000578" /><testcase classname="tests.flavor_spec" name="Flavor get it shoud get" file="tests/flavor_spec.py" time="0.004915" /><testcase classname="tests.flavor_spec" name="Flavor create it shoud create" file="tests/flavor_spec.py" time="0.003588" /><testcase classname="tests.flavor_spec" name="Flavor patch it shoud update" file="tests/flavor_spec.py" time="0.003400" /><testcase classname="tests.flavor_spec" name="Flavor delete it shoud delete" file="tests/flavor_spec.py" time="0.002919" /><testcase classname="tests.hostname_spec" name="Hostname __init__ it shoud get an instance" file="tests/hostname_spec.py" time="0.000614" /><testcase classname="tests.hostname_spec" name="Hostname get it shoud get" file="tests/hostname_spec.py" time="0.005052" /><testcase classname="tests.hostname_spec" name="Hostname create it shoud create" file="tests/hostname_spec.py" time="0.003667" /><testcase classname="tests.hostname_spec" name="Hostname patch it shoud update" file="tests/hostname_spec.py" time="0.003600" /><testcase classname="tests.hostname_spec" name="Hostname delete it shoud delete" file="tests/hostname_spec.py" time="0.003103" /><testcase classname="tests.licenced_app_spec" name="LicencedApp __init__ it shoud get an instance" file="tests/licenced_app_spec.py" time="0.000600" /><testcase classname="tests.licenced_app_spec" name="LicencedApp get it shoud get" file="tests/licenced_app_spec.py" time="0.005092" /><testcase classname="tests.licenced_app_spec" name="LicencedApp create it shoud create" file="tests/licenced_app_spec.py" time="0.003804" /><testcase classname="tests.licenced_app_spec" name="LicencedApp patch it shoud update" file="tests/licenced_app_spec.py" time="0.003455" /><testcase classname="tests.licenced_app_spec" name="LicencedApp delete it shoud delete" file="tests/licenced_app_spec.py" time="0.002994" /><testcase classname="tests.organization_spec" name="Organization __init__ it shoud get an instance" file="tests/organization_spec.py" time="0.000618" /><testcase classname="tests.organization_spec" name="Organization get it shoud get" file="tests/organization_spec.py" time="0.004966" /><testcase classname="tests.organization_spec" name="Organization create it shoud create" file="tests/organization_spec.py" time="0.003559" /><testcase classname="tests.organization_spec" name="Organization patch it shoud update" file="tests/organization_spec.py" time="0.003378" /><testcase classname="tests.organization_spec" name="Organization delete it shoud delete" file="tests/organization_spec.py" time="0.003078" /><testcase classname="tests.os_type_spec" name="OsType __init__ it shoud get an instance" file="tests/os_type_spec.py" time="0.000581" /><testcase classname="tests.os_type_spec" name="OsType get it shoud get" file="tests/os_type_spec.py" time="0.004237" /><testcase classname="tests.os_type_spec" name="OsType create it shoud create" file="tests/os_type_spec.py" time="0.003509" /><testcase classname="tests.os_type_spec" name="OsType patch it shoud update" file="tests/os_type_spec.py" time="0.003447" /><testcase classname="tests.os_type_spec" name="OsType delete it shoud delete" file="tests/os_type_spec.py" time="0.002965" /><testcase classname="tests.project_spec" name="Project __init__ it shoud get an instance" file="tests/project_spec.py" time="0.000603" /><testcase classname="tests.project_spec" name="Project get it shoud get" file="tests/project_spec.py" time="0.005024" /><testcase classname="tests.project_spec" name="Project create it shoud create" file="tests/project_spec.py" time="0.003645" /><testcase classname="tests.project_spec" name="Project patch it shoud update" file="tests/project_spec.py" time="0.003469" /><testcase classname="tests.project_spec" name="Project delete it shoud delete" file="tests/project_spec.py" time="0.002947" /><testcase classname="tests.service_spec" name="Service __init__ it shoud get an instance" file="tests/service_spec.py" time="0.000646" /><testcase classname="tests.service_spec" name="Service get it shoud get" file="tests/service_spec.py" time="0.004906" /><testcase classname="tests.service_spec" name="Service create it shoud create" file="tests/service_spec.py" time="0.003677" /><testcase classname="tests.service_spec" name="Service patch it shoud update" file="tests/service_spec.py" time="0.003720" /><testcase classname="tests.service_spec" name="Service delete it shoud delete" file="tests/service_spec.py" time="0.003363" /><testcase classname="tests.software_spec" name="Software __init__ it shoud get an instance" file="tests/software_spec.py" time="0.000738" /><testcase classname="tests.software_spec" name="Software get it shoud get" file="tests/software_spec.py" time="0.004730" /><testcase classname="tests.software_spec" name="Software create it shoud create" file="tests/software_spec.py" time="0.003774" /><testcase classname="tests.software_spec" name="Software patch it shoud update" file="tests/software_spec.py" time="0.003729" /><testcase classname="tests.software_spec" name="Software delete it shoud delete" file="tests/software_spec.py" time="0.003234" /><testcase classname="tests.source_spec" name="Source __init__ it shoud get an instance" file="tests/source_spec.py" time="0.000731" /><testcase classname="tests.source_spec" name="Source get it shoud get" file="tests/source_spec.py" time="0.004989" /><testcase classname="tests.source_spec" name="Source create it shoud create" file="tests/source_spec.py" time="0.004052" /><testcase classname="tests.source_spec" name="Source patch it shoud update" file="tests/source_spec.py" time="0.004017" /><testcase classname="tests.source_spec" name="Source delete it shoud delete" file="tests/source_spec.py" time="0.003661" /><testcase classname="tests.tier_spec" name="Tier __init__ it shoud get an instance" file="tests/tier_spec.py" time="0.000806" /><testcase classname="tests.tier_spec" name="Tier get it shoud get" file="tests/tier_spec.py" time="0.005222" /><testcase classname="tests.tier_spec" name="Tier create it shoud create" file="tests/tier_spec.py" time="0.004127" /><testcase classname="tests.tier_spec" name="Tier patch it shoud update" file="tests/tier_spec.py" time="0.003905" /><testcase classname="tests.tier_spec" name="Tier delete it shoud delete" file="tests/tier_spec.py" time="0.003058" /><testcase classname="tests.vm_spec" name="Vm __init__ it shoud get an instance" file="tests/vm_spec.py" time="0.000687" /><testcase classname="tests.vm_spec" name="Vm get it shoud get" file="tests/vm_spec.py" time="0.008979" /><testcase classname="tests.vm_spec" name="Vm create it shoud create" file="tests/vm_spec.py" time="0.003920" /><testcase classname="tests.vm_spec" name="Vm patch it shoud update" file="tests/vm_spec.py" time="0.003558" /><testcase classname="tests.vm_spec" name="Vm delete it shoud delete" file="tests/vm_spec.py" time="0.003026" /><testcase classname="tests.vm_tag_spec" name="VmTag __init__ it shoud get an instance" file="tests/vm_tag_spec.py" time="0.000608" /><testcase classname="tests.vm_tag_spec" name="VmTag get it shoud get" file="tests/vm_tag_spec.py" time="0.004859" /><testcase classname="tests.vm_tag_spec" name="VmTag create it shoud create" file="tests/vm_tag_spec.py" time="0.003631" /><testcase classname="tests.vm_tag_spec" name="VmTag patch it shoud update" file="tests/vm_tag_spec.py" time="0.003458" /><testcase classname="tests.vm_tag_spec" name="VmTag delete it shoud delete" file="tests/vm_tag_spec.py" time="0.002971" /></testsuite>