<testsuite errors="0" timestamp="2023-11-10T13:54:42.361722" host="localhost" tests="111" skipped="0" failures="0" time="0.761022"><testcase classname="tests.app_spec" name="App __init__ it shoud get an instance" file="tests/app_spec.py" time="0.001059" /><testcase classname="tests.app_spec" name="App get it shoud get" file="tests/app_spec.py" time="0.006586" /><testcase classname="tests.app_spec" name="App create it shoud create" file="tests/app_spec.py" time="0.003598" /><testcase classname="tests.app_spec" name="App patch it shoud update" file="tests/app_spec.py" time="0.003564" /><testcase classname="tests.app_spec" name="App delete it shoud delete" file="tests/app_spec.py" time="0.002912" /><testcase classname="tests.base_spec" name="App __init__ it shoud get an instance" file="tests/base_spec.py" time="0.000514" /><testcase classname="tests.base_spec" name="App get it shoud get" file="tests/base_spec.py" time="0.004347" /><testcase classname="tests.base_spec" name="App create it shoud create" file="tests/base_spec.py" time="0.003528" /><testcase classname="tests.base_spec" name="App patch it shoud update" file="tests/base_spec.py" time="0.003206" /><testcase classname="tests.base_spec" name="App delete it shoud delete" file="tests/base_spec.py" time="0.002866" /><testcase classname="tests.cloud_account_spec" name="CloudAccount __init__ it shoud get an instance" file="tests/cloud_account_spec.py" time="0.000504" /><testcase classname="tests.cloud_account_spec" name="CloudAccount get it shoud get" file="tests/cloud_account_spec.py" time="0.004579" /><testcase classname="tests.cloud_account_spec" name="CloudAccount create it shoud create" file="tests/cloud_account_spec.py" time="0.003412" /><testcase classname="tests.cloud_account_spec" name="CloudAccount patch it shoud update" file="tests/cloud_account_spec.py" time="0.003233" /><testcase classname="tests.cloud_account_spec" name="CloudAccount delete it shoud delete" file="tests/cloud_account_spec.py" time="0.002813" /><testcase classname="tests.customer_spec" name="Customer __init__ it shoud get an instance" file="tests/customer_spec.py" time="0.000550" /><testcase classname="tests.customer_spec" name="Customer get it shoud get" file="tests/customer_spec.py" time="0.004372" /><testcase classname="tests.customer_spec" name="Customer create it shoud create" file="tests/customer_spec.py" time="0.003432" /><testcase classname="tests.customer_spec" name="Customer patch it shoud update" file="tests/customer_spec.py" time="0.003385" /><testcase classname="tests.customer_spec" name="Customer delete it shoud delete" file="tests/customer_spec.py" time="0.002841" /><testcase classname="tests.datacenter_spec" name="Datacenter __init__ it shoud get an instance" file="tests/datacenter_spec.py" time="0.000532" /><testcase classname="tests.datacenter_spec" name="Datacenter get it shoud get" file="tests/datacenter_spec.py" time="0.004033" /><testcase classname="tests.datacenter_spec" name="Datacenter create it shoud create" file="tests/datacenter_spec.py" time="0.003358" /><testcase classname="tests.datacenter_spec" name="Datacenter patch it shoud update" file="tests/datacenter_spec.py" time="0.003307" /><testcase classname="tests.datacenter_spec" name="Datacenter delete it shoud delete" file="tests/datacenter_spec.py" time="0.002939" /><testcase classname="tests.deployment_spec" name="Deployment __init__ it shoud get an instance" file="tests/deployment_spec.py" time="0.000488" /><testcase classname="tests.deployment_spec" name="Deployment get it shoud get" file="tests/deployment_spec.py" time="0.006900" /><testcase classname="tests.deployment_spec" name="Deployment create it shoud create" file="tests/deployment_spec.py" time="0.003462" /><testcase classname="tests.deployment_spec" name="Deployment patch it shoud update" file="tests/deployment_spec.py" time="0.003299" /><testcase classname="tests.deployment_spec" name="Deployment delete it shoud delete" file="tests/deployment_spec.py" time="0.002823" /><testcase classname="tests.domain_spec" name="Domain __init__ it shoud get an instance" file="tests/domain_spec.py" time="0.000478" /><testcase classname="tests.domain_spec" name="Domain get it shoud get" file="tests/domain_spec.py" time="0.004310" /><testcase classname="tests.domain_spec" name="Domain create it shoud create" file="tests/domain_spec.py" time="0.003415" /><testcase classname="tests.domain_spec" name="Domain patch it shoud update" file="tests/domain_spec.py" time="0.003426" /><testcase classname="tests.domain_spec" name="Domain delete it shoud delete" file="tests/domain_spec.py" time="0.002858" /><testcase classname="tests.environment_app_spec" name="EnvironmentApp __init__ it shoud get an instance" file="tests/environment_app_spec.py" time="0.000490" /><testcase classname="tests.environment_app_spec" name="EnvironmentApp get it shoud get" file="tests/environment_app_spec.py" time="0.004329" /><testcase classname="tests.environment_app_spec" name="EnvironmentApp create it shoud create" file="tests/environment_app_spec.py" time="0.003396" /><testcase classname="tests.environment_app_spec" name="EnvironmentApp patch it shoud update" file="tests/environment_app_spec.py" time="0.003243" /><testcase classname="tests.environment_app_spec" name="EnvironmentApp delete it shoud delete" file="tests/environment_app_spec.py" time="0.002784" /><testcase classname="tests.environment_infra_spec" name="EnvironmentInfra __init__ it shoud get an instance" file="tests/environment_infra_spec.py" time="0.000480" /><testcase classname="tests.environment_infra_spec" name="EnvironmentInfra get it shoud get" file="tests/environment_infra_spec.py" time="0.004361" /><testcase classname="tests.environment_infra_spec" name="EnvironmentInfra create it shoud create" file="tests/environment_infra_spec.py" time="0.003382" /><testcase classname="tests.environment_infra_spec" name="EnvironmentInfra patch it shoud update" file="tests/environment_infra_spec.py" time="0.003197" /><testcase classname="tests.environment_infra_spec" name="EnvironmentInfra delete it shoud delete" file="tests/environment_infra_spec.py" time="0.002823" /><testcase classname="tests.environment_spec" name="Environment __init__ it shoud get an instance" file="tests/environment_spec.py" time="0.000531" /><testcase classname="tests.environment_spec" name="Environment get it shoud get" file="tests/environment_spec.py" time="0.004944" /><testcase classname="tests.environment_spec" name="Environment create it shoud create" file="tests/environment_spec.py" time="0.003407" /><testcase classname="tests.environment_spec" name="Environment patch it shoud update" file="tests/environment_spec.py" time="0.003433" /><testcase classname="tests.environment_spec" name="Environment delete it shoud delete" file="tests/environment_spec.py" time="0.002790" /><testcase classname="tests.eyes_injector_spec" name="EyesInjector __init__ it shoud get an instance" file="tests/eyes_injector_spec.py" time="0.000576" /><testcase classname="tests.flavor_spec" name="Flavor __init__ it shoud get an instance" file="tests/flavor_spec.py" time="0.000475" /><testcase classname="tests.flavor_spec" name="Flavor get it shoud get" file="tests/flavor_spec.py" time="0.004663" /><testcase classname="tests.flavor_spec" name="Flavor create it shoud create" file="tests/flavor_spec.py" time="0.003471" /><testcase classname="tests.flavor_spec" name="Flavor patch it shoud update" file="tests/flavor_spec.py" time="0.003317" /><testcase classname="tests.flavor_spec" name="Flavor delete it shoud delete" file="tests/flavor_spec.py" time="0.002821" /><testcase classname="tests.hostname_spec" name="Hostname __init__ it shoud get an instance" file="tests/hostname_spec.py" time="0.000487" /><testcase classname="tests.hostname_spec" name="Hostname get it shoud get" file="tests/hostname_spec.py" time="0.004859" /><testcase classname="tests.hostname_spec" name="Hostname create it shoud create" file="tests/hostname_spec.py" time="0.003397" /><testcase classname="tests.hostname_spec" name="Hostname patch it shoud update" file="tests/hostname_spec.py" time="0.003244" /><testcase classname="tests.hostname_spec" name="Hostname delete it shoud delete" file="tests/hostname_spec.py" time="0.002830" /><testcase classname="tests.licenced_app_spec" name="LicencedApp __init__ it shoud get an instance" file="tests/licenced_app_spec.py" time="0.000474" /><testcase classname="tests.licenced_app_spec" name="LicencedApp get it shoud get" file="tests/licenced_app_spec.py" time="0.004825" /><testcase classname="tests.licenced_app_spec" name="LicencedApp create it shoud create" file="tests/licenced_app_spec.py" time="0.003585" /><testcase classname="tests.licenced_app_spec" name="LicencedApp patch it shoud update" file="tests/licenced_app_spec.py" time="0.003228" /><testcase classname="tests.licenced_app_spec" name="LicencedApp delete it shoud delete" file="tests/licenced_app_spec.py" time="0.002839" /><testcase classname="tests.organization_spec" name="Organization __init__ it shoud get an instance" file="tests/organization_spec.py" time="0.000494" /><testcase classname="tests.organization_spec" name="Organization get it shoud get" file="tests/organization_spec.py" time="0.004522" /><testcase classname="tests.organization_spec" name="Organization create it shoud create" file="tests/organization_spec.py" time="0.003449" /><testcase classname="tests.organization_spec" name="Organization patch it shoud update" file="tests/organization_spec.py" time="0.003250" /><testcase classname="tests.organization_spec" name="Organization delete it shoud delete" file="tests/organization_spec.py" time="0.002968" /><testcase classname="tests.os_type_spec" name="OsType __init__ it shoud get an instance" file="tests/os_type_spec.py" time="0.000488" /><testcase classname="tests.os_type_spec" name="OsType get it shoud get" file="tests/os_type_spec.py" time="0.004751" /><testcase classname="tests.os_type_spec" name="OsType create it shoud create" file="tests/os_type_spec.py" time="0.003469" /><testcase classname="tests.os_type_spec" name="OsType patch it shoud update" file="tests/os_type_spec.py" time="0.003236" /><testcase classname="tests.os_type_spec" name="OsType delete it shoud delete" file="tests/os_type_spec.py" time="0.002756" /><testcase classname="tests.project_spec" name="Project __init__ it shoud get an instance" file="tests/project_spec.py" time="0.000467" /><testcase classname="tests.project_spec" name="Project get it shoud get" file="tests/project_spec.py" time="0.004785" /><testcase classname="tests.project_spec" name="Project create it shoud create" file="tests/project_spec.py" time="0.003467" /><testcase classname="tests.project_spec" name="Project patch it shoud update" file="tests/project_spec.py" time="0.003235" /><testcase classname="tests.project_spec" name="Project delete it shoud delete" file="tests/project_spec.py" time="0.002778" /><testcase classname="tests.service_spec" name="Service __init__ it shoud get an instance" file="tests/service_spec.py" time="0.000495" /><testcase classname="tests.service_spec" name="Service get it shoud get" file="tests/service_spec.py" time="0.004654" /><testcase classname="tests.service_spec" name="Service create it shoud create" file="tests/service_spec.py" time="0.003400" /><testcase classname="tests.service_spec" name="Service patch it shoud update" file="tests/service_spec.py" time="0.003333" /><testcase classname="tests.service_spec" name="Service delete it shoud delete" file="tests/service_spec.py" time="0.002859" /><testcase classname="tests.software_spec" name="Software __init__ it shoud get an instance" file="tests/software_spec.py" time="0.000511" /><testcase classname="tests.software_spec" name="Software get it shoud get" file="tests/software_spec.py" time="0.004288" /><testcase classname="tests.software_spec" name="Software create it shoud create" file="tests/software_spec.py" time="0.003590" /><testcase classname="tests.software_spec" name="Software patch it shoud update" file="tests/software_spec.py" time="0.003350" /><testcase classname="tests.software_spec" name="Software delete it shoud delete" file="tests/software_spec.py" time="0.002837" /><testcase classname="tests.source_spec" name="Source __init__ it shoud get an instance" file="tests/source_spec.py" time="0.000480" /><testcase classname="tests.source_spec" name="Source get it shoud get" file="tests/source_spec.py" time="0.004582" /><testcase classname="tests.source_spec" name="Source create it shoud create" file="tests/source_spec.py" time="0.003575" /><testcase classname="tests.source_spec" name="Source patch it shoud update" file="tests/source_spec.py" time="0.003448" /><testcase classname="tests.source_spec" name="Source delete it shoud delete" file="tests/source_spec.py" time="0.002869" /><testcase classname="tests.tier_spec" name="Tier __init__ it shoud get an instance" file="tests/tier_spec.py" time="0.000547" /><testcase classname="tests.tier_spec" name="Tier get it shoud get" file="tests/tier_spec.py" time="0.004466" /><testcase classname="tests.tier_spec" name="Tier create it shoud create" file="tests/tier_spec.py" time="0.003504" /><testcase classname="tests.tier_spec" name="Tier patch it shoud update" file="tests/tier_spec.py" time="0.003583" /><testcase classname="tests.tier_spec" name="Tier delete it shoud delete" file="tests/tier_spec.py" time="0.002969" /><testcase classname="tests.vm_spec" name="Vm __init__ it shoud get an instance" file="tests/vm_spec.py" time="0.000489" /><testcase classname="tests.vm_spec" name="Vm get it shoud get" file="tests/vm_spec.py" time="0.008783" /><testcase classname="tests.vm_spec" name="Vm create it shoud create" file="tests/vm_spec.py" time="0.003625" /><testcase classname="tests.vm_spec" name="Vm patch it shoud update" file="tests/vm_spec.py" time="0.003379" /><testcase classname="tests.vm_spec" name="Vm delete it shoud delete" file="tests/vm_spec.py" time="0.002896" /><testcase classname="tests.vm_tag_spec" name="VmTag __init__ it shoud get an instance" file="tests/vm_tag_spec.py" time="0.000481" /><testcase classname="tests.vm_tag_spec" name="VmTag get it shoud get" file="tests/vm_tag_spec.py" time="0.004469" /><testcase classname="tests.vm_tag_spec" name="VmTag create it shoud create" file="tests/vm_tag_spec.py" time="0.003537" /><testcase classname="tests.vm_tag_spec" name="VmTag patch it shoud update" file="tests/vm_tag_spec.py" time="0.003514" /><testcase classname="tests.vm_tag_spec" name="VmTag delete it shoud delete" file="tests/vm_tag_spec.py" time="0.002943" /></testsuite>